timestamp: 2016-01-29T20:14:34.689808
CREATE TABLE auth_user(
    id INTEGER PRIMARY KEY AUTOINCREMENT,
    first_name CHAR(128),
    last_name CHAR(128),
    email CHAR(512),
    password CHAR(512),
    registration_key CHAR(512),
    reset_password_key CHAR(512),
    registration_id CHAR(512)
);
success!
timestamp: 2016-01-29T20:14:34.691733
CREATE TABLE auth_group(
    id INTEGER PRIMARY KEY AUTOINCREMENT,
    role CHAR(512),
    description TEXT
);
success!
timestamp: 2016-01-29T20:14:34.693452
CREATE TABLE auth_membership(
    id INTEGER PRIMARY KEY AUTOINCREMENT,
    user_id INTEGER REFERENCES auth_user (id) ON DELETE CASCADE  ,
    group_id INTEGER REFERENCES auth_group (id) ON DELETE CASCADE  
);
success!
timestamp: 2016-01-29T20:14:34.696028
CREATE TABLE auth_permission(
    id INTEGER PRIMARY KEY AUTOINCREMENT,
    group_id INTEGER REFERENCES auth_group (id) ON DELETE CASCADE  ,
    name CHAR(512),
    table_name CHAR(512),
    record_id INTEGER
);
success!
timestamp: 2016-01-29T20:14:34.698429
CREATE TABLE auth_event(
    id INTEGER PRIMARY KEY AUTOINCREMENT,
    time_stamp TIMESTAMP,
    client_ip CHAR(512),
    user_id INTEGER REFERENCES auth_user (id) ON DELETE CASCADE  ,
    origin CHAR(512),
    description TEXT
);
success!
timestamp: 2016-01-29T20:14:34.700662
CREATE TABLE auth_cas(
    id INTEGER PRIMARY KEY AUTOINCREMENT,
    user_id INTEGER REFERENCES auth_user (id) ON DELETE CASCADE  ,
    created_on TIMESTAMP,
    service CHAR(512),
    ticket CHAR(512),
    renew CHAR(1)
);
success!
timestamp: 2016-01-29T20:14:34.713611
CREATE TABLE users(
    id INTEGER PRIMARY KEY AUTOINCREMENT,
    user_id INTEGER REFERENCES auth_user (id) ON DELETE CASCADE  ,
    preferred_named INTEGER REFERENCES auth_user (id) ON DELETE CASCADE  ,
    photo_id INTEGER REFERENCES auth_user (id) ON DELETE CASCADE  ,
    karma_points INTEGER REFERENCES auth_user (id) ON DELETE CASCADE  ,
    lessons_competed INTEGER REFERENCES auth_user (id) ON DELETE CASCADE  
);
success!
timestamp: 2016-01-29T20:15:07.869418
CREATE TABLE points(
    id INTEGER PRIMARY KEY AUTOINCREMENT
);
success!
timestamp: 2016-01-29T20:15:49.521806
CREATE TABLE experiences(
    id INTEGER PRIMARY KEY AUTOINCREMENT,
    user_id INTEGER REFERENCES users (id) ON DELETE CASCADE  ,
    positive CHAR(512),
    negative CHAR(512),
    story CHAR(512)
);
success!
timestamp: 2016-01-29T20:15:49.531676
CREATE TABLE responses(
    id INTEGER PRIMARY KEY AUTOINCREMENT,
    q1 CHAR(512),
    qn CHAR(512)
);
success!
timestamp: 2016-01-29T20:29:15.868698
ALTER TABLE experiences ADD kind CHAR(512);
success!
success!
